[INFO ] 2021-09-16 16:44:22.844 [main] TestNGListener - Chrome Browser Testing
[INFO ] 2021-09-16 16:44:22.893 [main] TestBase - initializing browser set for Test Execution : 
[INFO ] 2021-09-16 16:44:22.893 [main] TestBase - browser Name is taking from properties file : 
[INFO ] 2021-09-16 16:44:22.893 [main] TestBase - opening chrome browser : 
[INFO ] 2021-09-16 16:44:22.893 [main] TestBase - chrome browser property set : 
[INFO ] 2021-09-16 16:44:25.748 [main] TestBase - maximizing the browser window : 
[INFO ] 2021-09-16 16:44:25.908 [main] TestBase - defining implicitlyWait and PageLoad Wait : 
[INFO ] 2021-09-16 16:44:26.088 [main] TestNGListener - enterURL
[INFO ] 2021-09-16 16:44:26.088 [main] BaseClass - url is taking from properties file : 
[INFO ] 2021-09-16 16:44:28.152 [main] TestNGListener - enterURL
[INFO ] 2021-09-16 16:44:28.154 [main] TestNGListener - VerifyClickingOnBuyNowButtonUserRedirectToTheCheckoutPopUp
[INFO ] 2021-09-16 16:44:28.209 [main] TestBase - explicit wait for verifying element is using : [[ChromeDriver: chrome on WINDOWS (ee6d07b9dfc0e304ae31ebf77aafe65a)] -> xpath: //a[@class='btn buy']]
[INFO ] 2021-09-16 16:44:28.387 [main] MidTransHomePage - Buy Now Button is Available on Midtrans Home Page : 
[INFO ] 2021-09-16 16:44:28.421 [main] TestBase - explicit wait for clicking is using : [[ChromeDriver: chrome on WINDOWS (ee6d07b9dfc0e304ae31ebf77aafe65a)] -> xpath: //a[@class='btn buy']]
[INFO ] 2021-09-16 16:44:28.890 [main] TestBase - explicit wait for verifying element is using : [[ChromeDriver: chrome on WINDOWS (ee6d07b9dfc0e304ae31ebf77aafe65a)] -> xpath: //div[@class='cart-head']/span[contains(.,'Shopping Cart')]]
[INFO ] 2021-09-16 16:44:29.031 [main] ShoppingCartPopUp - After clicking on Buy Now button user is redirected to the Checkout popup : 
[INFO ] 2021-09-16 16:44:29.031 [main] TestNGListener - VerifyClickingOnBuyNowButtonUserRedirectToTheCheckoutPopUp
[INFO ] 2021-09-16 16:44:29.039 [main] TestNGListener - VerifyMidtransPillowAddedInToCart
[INFO ] 2021-09-16 16:44:29.042 [main] ShoppingCartPopUp - Product Name & Product Cost is taking from Properties File : 
[INFO ] 2021-09-16 16:44:29.160 [main] ShoppingCartPopUp - Midtrans Pillow has added into cart with cost of 20000/- : 
[INFO ] 2021-09-16 16:44:29.160 [main] TestNGListener - VerifyMidtransPillowAddedInToCart
[INFO ] 2021-09-16 16:44:29.162 [main] TestNGListener - verifyName_Email_Phone_City_Address_PostalCodeOnCheckoutPage
[INFO ] 2021-09-16 16:44:29.242 [main] ShoppingCartPopUp - Name Label is Present on Check Out PopUp : 
[INFO ] 2021-09-16 16:44:29.318 [main] ShoppingCartPopUp - Email Label is Present on Check Out PopUp : 
[INFO ] 2021-09-16 16:44:29.394 [main] ShoppingCartPopUp - PhoneNo Label is Present on Check Out PopUp : 
[INFO ] 2021-09-16 16:44:29.453 [main] ShoppingCartPopUp - City Label is Present on Check Out PopUp : 
[INFO ] 2021-09-16 16:44:29.501 [main] ShoppingCartPopUp - Address Label is Present on Check Out PopUp : 
[INFO ] 2021-09-16 16:44:29.564 [main] ShoppingCartPopUp - PostalCode Label is Present on Check Out PopUp : 
[INFO ] 2021-09-16 16:44:29.564 [main] TestNGListener - verifyName_Email_Phone_City_Address_PostalCodeOnCheckoutPage
[INFO ] 2021-09-16 16:44:29.564 [main] TestNGListener - verifyName_Email_Phone_City_Address_PostalCodeFieldsAreEditableAndUserCanEnterDetails
[INFO ] 2021-09-16 16:44:29.564 [main] ShoppingCartPopUp - Name is taking from Properties File : 
[INFO ] 2021-09-16 16:44:29.600 [main] TestBase - explicit wait for sendKeys is using : [[ChromeDriver: chrome on WINDOWS (ee6d07b9dfc0e304ae31ebf77aafe65a)] -> xpath: ((//table[@class='table'])[2]//td[@class='input']//input[@type='text'])[1]]
[INFO ] 2021-09-16 16:44:30.040 [main] ShoppingCartPopUp - Name field is editable and user can enter Name in it : 
[INFO ] 2021-09-16 16:44:30.040 [main] ShoppingCartPopUp - Email is taking from Properties File : 
[INFO ] 2021-09-16 16:44:30.061 [main] TestBase - explicit wait for sendKeys is using : [[ChromeDriver: chrome on WINDOWS (ee6d07b9dfc0e304ae31ebf77aafe65a)] -> xpath: (//table[@class='table'])[2]//td[@class='input']//input[@type='email']]
[INFO ] 2021-09-16 16:44:30.472 [main] ShoppingCartPopUp - Email field is editable and user can enter Email in it : 
[INFO ] 2021-09-16 16:44:30.472 [main] ShoppingCartPopUp - Phone Number is taking from Properties File : 
[INFO ] 2021-09-16 16:44:30.491 [main] TestBase - explicit wait for sendKeys is using : [[ChromeDriver: chrome on WINDOWS (ee6d07b9dfc0e304ae31ebf77aafe65a)] -> xpath: ((//table[@class='table'])[2]//td[@class='input']//input[@type='text'])[2]]
[INFO ] 2021-09-16 16:44:30.820 [main] ShoppingCartPopUp - PhoneNo field is editable and user can enter PhoneNo in it : 
[INFO ] 2021-09-16 16:44:30.820 [main] ShoppingCartPopUp - City is taking from Properties File : 
[INFO ] 2021-09-16 16:44:30.845 [main] TestBase - explicit wait for sendKeys is using : [[ChromeDriver: chrome on WINDOWS (ee6d07b9dfc0e304ae31ebf77aafe65a)] -> xpath: ((//table[@class='table'])[2]//td[@class='input']//input[@type='text'])[3]]
[INFO ] 2021-09-16 16:44:31.157 [main] ShoppingCartPopUp - City field is editable and user can enter City in it : 
[INFO ] 2021-09-16 16:44:31.157 [main] ShoppingCartPopUp - Address is taking from Properties File : 
[INFO ] 2021-09-16 16:44:31.188 [main] TestBase - explicit wait for sendKeys is using : [[ChromeDriver: chrome on WINDOWS (ee6d07b9dfc0e304ae31ebf77aafe65a)] -> xpath: (//table[@class='table'])[2]//td[@class='input']//textarea]
[INFO ] 2021-09-16 16:44:31.609 [main] ShoppingCartPopUp - Address field is editable and user can enter Address in it : 
[INFO ] 2021-09-16 16:44:31.609 [main] ShoppingCartPopUp - Postal Code is taking from Properties File : 
[INFO ] 2021-09-16 16:44:31.636 [main] TestBase - explicit wait for sendKeys is using : [[ChromeDriver: chrome on WINDOWS (ee6d07b9dfc0e304ae31ebf77aafe65a)] -> xpath: ((//table[@class='table'])[2]//td[@class='input']//input[@type='text'])[4]]
[INFO ] 2021-09-16 16:44:31.959 [main] ShoppingCartPopUp - PostalCode field is editable and user can enter PostalCode in it : 
[INFO ] 2021-09-16 16:44:31.959 [main] TestNGListener - verifyName_Email_Phone_City_Address_PostalCodeFieldsAreEditableAndUserCanEnterDetails
[INFO ] 2021-09-16 16:44:31.959 [main] TestNGListener - verifyClickingOnCheckoutButtonUserIsRedirectedOnOrderSummaryPopUp
[INFO ] 2021-09-16 16:44:31.992 [main] TestBase - explicit wait for clicking is using : [[ChromeDriver: chrome on WINDOWS (ee6d07b9dfc0e304ae31ebf77aafe65a)] -> xpath: //div[@class='cart-checkout']]
[INFO ] 2021-09-16 16:44:32.171 [main] TestBase - pause execution for 1 : 
[INFO ] 2021-09-16 16:44:33.213 [main] TestBase - pause execution for 1 : 
[INFO ] 2021-09-16 16:44:34.243 [main] TestBase - explicit wait for verifying element is using : [[ChromeDriver: chrome on WINDOWS (ee6d07b9dfc0e304ae31ebf77aafe65a)] -> xpath: //div[@class='header-content']/span[contains(.,'Order Summary')]]
[INFO ] 2021-09-16 16:44:34.352 [main] OrderSummaryScreenPopUp - User is redirected on Order Summary popup after clicked on Checkout button : 
[INFO ] 2021-09-16 16:44:34.352 [main] TestNGListener - verifyClickingOnCheckoutButtonUserIsRedirectedOnOrderSummaryPopUp
[INFO ] 2021-09-16 16:44:34.352 [main] TestNGListener - verifyProductDetailsOnOrderSummeryPopUpPriceAndProductName
[INFO ] 2021-09-16 16:44:34.352 [main] OrderSummaryScreenPopUp - Product Name & Product Cost is taking from Properties File : 
[INFO ] 2021-09-16 16:44:34.394 [main] OrderSummaryScreenPopUp - Valid Product Name is displayed on Order Summary PopUp : 
[INFO ] 2021-09-16 16:44:34.433 [main] OrderSummaryScreenPopUp - Valid Product Price is displayed on Order Summary PopUp : 
[INFO ] 2021-09-16 16:44:34.433 [main] TestNGListener - verifyProductDetailsOnOrderSummeryPopUpPriceAndProductName
[INFO ] 2021-09-16 16:44:34.441 [main] TestNGListener - verifyClickingOnContinueButtonOnOrderSummeryUserIsRedirectToTheSelectPaymentPopUp
[INFO ] 2021-09-16 16:44:34.471 [main] TestBase - explicit wait for clicking is using : [[ChromeDriver: chrome on WINDOWS (ee6d07b9dfc0e304ae31ebf77aafe65a)] -> xpath: //a[@class='button-main-content']]
[INFO ] 2021-09-16 16:44:34.782 [main] TestBase - explicit wait for verifying element is using : [[ChromeDriver: chrome on WINDOWS (ee6d07b9dfc0e304ae31ebf77aafe65a)] -> xpath: //p[contains(.,'Select Payment')]]
[INFO ] 2021-09-16 16:44:34.892 [main] SelectPaymentPopUp1 - User redirected to the Select payment Page after clicking on continue button on order summery : 
[INFO ] 2021-09-16 16:44:34.892 [main] TestNGListener - verifyClickingOnContinueButtonOnOrderSummeryUserIsRedirectToTheSelectPaymentPopUp
[INFO ] 2021-09-16 16:44:34.892 [main] TestNGListener - verifyPaymentOptionsListedOnPaymentPopUp
[INFO ] 2021-09-16 16:44:34.970 [main] SelectPaymentPopUp1 - Credit/Debit Card payment option is available in payment mode Options : 
[INFO ] 2021-09-16 16:44:35.021 [main] SelectPaymentPopUp1 - ATM/Bank Transfer payment option is available in payment mode Options : 
[INFO ] 2021-09-16 16:44:35.081 [main] SelectPaymentPopUp1 - GoPay/other e-Wallets payment option is available in payment mode Options : 
[INFO ] 2021-09-16 16:44:35.152 [main] SelectPaymentPopUp1 - ShopeePay/other e-Wallets payment option is available in payment mode Options : 
[INFO ] 2021-09-16 16:44:35.213 [main] SelectPaymentPopUp1 - KlikBCA payment option is available in payment mode Options : 
[INFO ] 2021-09-16 16:44:35.273 [main] SelectPaymentPopUp1 - BCA KlikPay payment option is available in payment mode Options : 
[INFO ] 2021-09-16 16:44:35.333 [main] SelectPaymentPopUp1 - OCTO Clicks payment option is available in payment mode Options : 
[INFO ] 2021-09-16 16:44:35.370 [main] SelectPaymentPopUp1 - Danamon Online Banking payment option is available in payment mode Options : 
[INFO ] 2021-09-16 16:44:35.439 [main] SelectPaymentPopUp1 - e-Pay BRI payment option is available in payment mode Options : 
[INFO ] 2021-09-16 16:44:35.506 [main] SelectPaymentPopUp1 - LINE Pay e-cash | mandiri e-cash payment option is available in payment mode Options : 
[INFO ] 2021-09-16 16:44:35.563 [main] SelectPaymentPopUp1 - Telkomsel Cash payment option is available in payment mode Options : 
[INFO ] 2021-09-16 16:44:35.614 [main] SelectPaymentPopUp1 - Indomaret payment option is available in payment mode Options : 
[INFO ] 2021-09-16 16:44:35.668 [main] SelectPaymentPopUp1 - Alfa Group payment option is available in payment mode Options : 
[INFO ] 2021-09-16 16:44:35.733 [main] SelectPaymentPopUp1 - Akulaku payment option is available in payment mode Options : 
[INFO ] 2021-09-16 16:44:35.733 [main] TestNGListener - verifyPaymentOptionsListedOnPaymentPopUp
[INFO ] 2021-09-16 16:44:35.734 [main] TestNGListener - verifyClickingOnCreditDebitCardPaymentMethodUserIsRedirectedToTheCardDetailsPopUp
[INFO ] 2021-09-16 16:44:35.767 [main] TestBase - explicit wait for clicking is using : [[ChromeDriver: chrome on WINDOWS (ee6d07b9dfc0e304ae31ebf77aafe65a)] -> xpath: //div[@class='list-content']//div[contains(.,'Credit/Debit Card')]]
[INFO ] 2021-09-16 16:44:36.143 [main] TestBase - explicit wait for verifying element is using : [[ChromeDriver: chrome on WINDOWS (ee6d07b9dfc0e304ae31ebf77aafe65a)] -> xpath: //p[@class='text-page-title-content' and contains(.,'Credit/Debit Card')]]
[INFO ] 2021-09-16 16:44:36.253 [main] CreditDebitCardDetailsScreenPopUp - User redirected to card details screen after clicking on Credit/Debit Card payment method : 
[INFO ] 2021-09-16 16:44:36.253 [main] TestNGListener - verifyClickingOnCreditDebitCardPaymentMethodUserIsRedirectedToTheCardDetailsPopUp
[INFO ] 2021-09-16 16:44:36.253 [main] TestNGListener - verifyOrderAmountOnCardDetailsPopUpAndApplyCouponCodeAndValidateChangesInAmount
[INFO ] 2021-09-16 16:44:36.253 [main] CreditDebitCardDetailsScreenPopUp - Details is taking From Properties File : 
[INFO ] 2021-09-16 16:44:36.581 [main] CreditDebitCardDetailsScreenPopUp - Before apply promo coupon Amount on card details screen is same as order Amount : 
[INFO ] 2021-09-16 16:44:36.725 [main] CreditDebitCardDetailsScreenPopUp - After apply promo coupon Amount on card details screen is reflected by 2000 : 
[INFO ] 2021-09-16 16:44:36.725 [main] TestNGListener - verifyOrderAmountOnCardDetailsPopUpAndApplyCouponCodeAndValidateChangesInAmount
[INFO ] 2021-09-16 16:44:36.725 [main] TestNGListener - enterValidCardDetails
[INFO ] 2021-09-16 16:44:36.725 [main] CreditDebitCardDetailsScreenPopUp - Card details is taking from Properties File : 
[INFO ] 2021-09-16 16:44:36.741 [main] TestBase - explicit wait for sendKeys is using : [[ChromeDriver: chrome on WINDOWS (ee6d07b9dfc0e304ae31ebf77aafe65a)] -> xpath: //input[@name='cardnumber']]
[INFO ] 2021-09-16 16:44:37.174 [main] TestBase - explicit wait for sendKeys is using : [[ChromeDriver: chrome on WINDOWS (ee6d07b9dfc0e304ae31ebf77aafe65a)] -> xpath: //input[@placeholder='MM / YY']]
[INFO ] 2021-09-16 16:44:37.438 [main] TestBase - explicit wait for sendKeys is using : [[ChromeDriver: chrome on WINDOWS (ee6d07b9dfc0e304ae31ebf77aafe65a)] -> xpath: //div[@class='input-group col-xs-5']/input]
[INFO ] 2021-09-16 16:44:37.704 [main] TestNGListener - enterValidCardDetails
[INFO ] 2021-09-16 16:44:37.704 [main] TestNGListener - verifyClickingOnPayNowButtonUserIsRedirectedToTheBankPaymentScreenPopUpAndVerifyExistingDetails
[INFO ] 2021-09-16 16:44:37.732 [main] TestBase - explicit wait for clicking is using : [[ChromeDriver: chrome on WINDOWS (ee6d07b9dfc0e304ae31ebf77aafe65a)] -> xpath: //a[@class='button-main-content']]
[INFO ] 2021-09-16 16:44:37.973 [main] TestBase - pause execution for 1 : 
[INFO ] 2021-09-16 16:44:39.012 [main] TestBase - pause execution for 1 : 
[INFO ] 2021-09-16 16:44:40.054 [main] TestBase - pause execution for 2 : 
[INFO ] 2021-09-16 16:44:42.104 [main] TestBase - explicit wait for verifying element is using : [[ChromeDriver: chrome on WINDOWS (ee6d07b9dfc0e304ae31ebf77aafe65a)] -> xpath: //h1[contains(.,'Issuing Bank')]]
[INFO ] 2021-09-16 16:44:42.213 [main] BankPaymentScreenPopUp - User is redirected to the Bank Payment Screen PopUp after clicking on Payment Now Button : 
[INFO ] 2021-09-16 16:44:42.342 [main] BankPaymentScreenPopUp - Details is taking from Properties File : 
[INFO ] 2021-09-16 16:44:42.342 [main] BankPaymentScreenPopUp - Merchant name is correct on Bank Payment Screen PopUp : 
[INFO ] 2021-09-16 16:44:42.342 [main] BankPaymentScreenPopUp - Amount is correct on Bank Payment Screen PopUp : 
[INFO ] 2021-09-16 16:44:42.342 [main] BankPaymentScreenPopUp - Last four digit of card is correct on Bank Payment Screen PopUp : 
[INFO ] 2021-09-16 16:44:42.342 [main] BankPaymentScreenPopUp - Valid OTP is taking from Properties File : 
[INFO ] 2021-09-16 16:44:42.361 [main] TestBase - explicit wait for sendKeys is using : [[ChromeDriver: chrome on WINDOWS (ee6d07b9dfc0e304ae31ebf77aafe65a)] -> xpath: //input[@id='PaRes']]
[INFO ] 2021-09-16 16:44:42.608 [main] TestNGListener - verifyClickingOnPayNowButtonUserIsRedirectedToTheBankPaymentScreenPopUpAndVerifyExistingDetails
[INFO ] 2021-09-16 16:44:42.612 [main] TestNGListener - verifyClickingOnOKButtonWithValidOTPUserRedirectedToTheOrderSuccessfulScreenPopUp
[INFO ] 2021-09-16 16:44:42.642 [main] TestBase - explicit wait for clicking is using : [[ChromeDriver: chrome on WINDOWS (ee6d07b9dfc0e304ae31ebf77aafe65a)] -> xpath: //button[@class='btn btn-sm btn-success']]
[INFO ] 2021-09-16 16:44:42.953 [main] TestBase - pause execution for 1 : 
[INFO ] 2021-09-16 16:44:44.014 [main] TestBase - pause execution for 1 : 
[INFO ] 2021-09-16 16:44:45.077 [main] OrderSuccessfulScreenPopUp - User is redirected to the order successful screen after clicking on OK button with Valid OTP (112233) : 
[INFO ] 2021-09-16 16:44:45.077 [main] TestBase - pause execution for 5 : 
[INFO ] 2021-09-16 16:44:50.088 [main] TestNGListener - verifyClickingOnOKButtonWithValidOTPUserRedirectedToTheOrderSuccessfulScreenPopUp
[INFO ] 2021-09-16 16:44:50.089 [main] TestNGListener - verifyUserSuccessfullyOrderedProduct
[INFO ] 2021-09-16 16:44:50.508 [main] TestBase - pause execution for 1 : 
[INFO ] 2021-09-16 16:44:51.543 [main] TestBase - pause execution for 1 : 
[INFO ] 2021-09-16 16:44:52.623 [main] MidTransHomePage - Transaction Success Status is Displayed : 
[INFO ] 2021-09-16 16:44:52.623 [main] MidTransHomePage - Transaction Success Status is taking from Properties File : 
[INFO ] 2021-09-16 16:44:52.654 [main] MidTransHomePage - Transaction Success Status is as Expected : 
[INFO ] 2021-09-16 16:44:52.662 [main] TestBase - pause execution for 5 : 
[INFO ] 2021-09-16 16:44:57.669 [main] TestNGListener - verifyUserSuccessfullyOrderedProduct
[INFO ] 2021-09-16 16:44:57.672 [main] TestNGListener - verifyClickingOnOKButtonWithInvalidOTPUserRedirectedToTheOrderFailedScreenPopUp
[INFO ] 2021-09-16 16:44:57.691 [main] TestBase - explicit wait for verifying element is using : [[ChromeDriver: chrome on WINDOWS (ee6d07b9dfc0e304ae31ebf77aafe65a)] -> xpath: //a[@class='btn buy']]
[INFO ] 2021-09-16 16:44:57.791 [main] MidTransHomePage - Buy Now Button is Available on Midtrans Home Page : 
[INFO ] 2021-09-16 16:44:57.791 [main] TestBase - pause execution for 2 : 
[INFO ] 2021-09-16 16:44:59.821 [main] TestBase - explicit wait for clicking is using : [[ChromeDriver: chrome on WINDOWS (ee6d07b9dfc0e304ae31ebf77aafe65a)] -> xpath: //a[@class='btn buy']]
[INFO ] 2021-09-16 16:44:59.990 [main] ShoppingCartPopUp - Name is taking from Properties File : 
[INFO ] 2021-09-16 16:45:00.003 [main] TestBase - explicit wait for sendKeys is using : [[ChromeDriver: chrome on WINDOWS (ee6d07b9dfc0e304ae31ebf77aafe65a)] -> xpath: ((//table[@class='table'])[2]//td[@class='input']//input[@type='text'])[1]]
[INFO ] 2021-09-16 16:45:00.401 [main] ShoppingCartPopUp - Name field is editable and user can enter Name in it : 
[INFO ] 2021-09-16 16:45:00.401 [main] ShoppingCartPopUp - Email is taking from Properties File : 
[INFO ] 2021-09-16 16:45:00.432 [main] TestBase - explicit wait for sendKeys is using : [[ChromeDriver: chrome on WINDOWS (ee6d07b9dfc0e304ae31ebf77aafe65a)] -> xpath: (//table[@class='table'])[2]//td[@class='input']//input[@type='email']]
[INFO ] 2021-09-16 16:45:00.797 [main] ShoppingCartPopUp - Email field is editable and user can enter Email in it : 
[INFO ] 2021-09-16 16:45:00.798 [main] ShoppingCartPopUp - Phone Number is taking from Properties File : 
[INFO ] 2021-09-16 16:45:00.817 [main] TestBase - explicit wait for sendKeys is using : [[ChromeDriver: chrome on WINDOWS (ee6d07b9dfc0e304ae31ebf77aafe65a)] -> xpath: ((//table[@class='table'])[2]//td[@class='input']//input[@type='text'])[2]]
[INFO ] 2021-09-16 16:45:01.110 [main] ShoppingCartPopUp - PhoneNo field is editable and user can enter PhoneNo in it : 
[INFO ] 2021-09-16 16:45:01.110 [main] ShoppingCartPopUp - City is taking from Properties File : 
[INFO ] 2021-09-16 16:45:01.130 [main] TestBase - explicit wait for sendKeys is using : [[ChromeDriver: chrome on WINDOWS (ee6d07b9dfc0e304ae31ebf77aafe65a)] -> xpath: ((//table[@class='table'])[2]//td[@class='input']//input[@type='text'])[3]]
[INFO ] 2021-09-16 16:45:01.389 [main] ShoppingCartPopUp - City field is editable and user can enter City in it : 
[INFO ] 2021-09-16 16:45:01.389 [main] ShoppingCartPopUp - Address is taking from Properties File : 
[INFO ] 2021-09-16 16:45:01.411 [main] TestBase - explicit wait for sendKeys is using : [[ChromeDriver: chrome on WINDOWS (ee6d07b9dfc0e304ae31ebf77aafe65a)] -> xpath: (//table[@class='table'])[2]//td[@class='input']//textarea]
[INFO ] 2021-09-16 16:45:01.721 [main] ShoppingCartPopUp - Address field is editable and user can enter Address in it : 
[INFO ] 2021-09-16 16:45:01.721 [main] ShoppingCartPopUp - Postal Code is taking from Properties File : 
[INFO ] 2021-09-16 16:45:01.742 [main] TestBase - explicit wait for sendKeys is using : [[ChromeDriver: chrome on WINDOWS (ee6d07b9dfc0e304ae31ebf77aafe65a)] -> xpath: ((//table[@class='table'])[2]//td[@class='input']//input[@type='text'])[4]]
[INFO ] 2021-09-16 16:45:01.993 [main] ShoppingCartPopUp - PostalCode field is editable and user can enter PostalCode in it : 
[INFO ] 2021-09-16 16:45:02.001 [main] TestBase - pause execution for 2 : 
[INFO ] 2021-09-16 16:45:04.031 [main] TestBase - explicit wait for clicking is using : [[ChromeDriver: chrome on WINDOWS (ee6d07b9dfc0e304ae31ebf77aafe65a)] -> xpath: //div[@class='cart-checkout']]
[INFO ] 2021-09-16 16:45:04.203 [main] TestBase - pause execution for 1 : 
[INFO ] 2021-09-16 16:45:05.321 [main] TestBase - pause execution for 2 : 
[INFO ] 2021-09-16 16:45:07.362 [main] TestBase - explicit wait for clicking is using : [[ChromeDriver: chrome on WINDOWS (ee6d07b9dfc0e304ae31ebf77aafe65a)] -> xpath: //a[@class='button-main-content']]
[INFO ] 2021-09-16 16:45:07.594 [main] TestBase - pause execution for 2 : 
[INFO ] 2021-09-16 16:45:09.630 [main] TestBase - explicit wait for clicking is using : [[ChromeDriver: chrome on WINDOWS (ee6d07b9dfc0e304ae31ebf77aafe65a)] -> xpath: //div[@class='list-content']//div[contains(.,'Credit/Debit Card')]]
[INFO ] 2021-09-16 16:45:09.963 [main] CreditDebitCardDetailsScreenPopUp - Card details is taking from Properties File : 
[INFO ] 2021-09-16 16:45:09.982 [main] TestBase - explicit wait for sendKeys is using : [[ChromeDriver: chrome on WINDOWS (ee6d07b9dfc0e304ae31ebf77aafe65a)] -> xpath: //input[@name='cardnumber']]
[INFO ] 2021-09-16 16:45:10.438 [main] TestBase - explicit wait for sendKeys is using : [[ChromeDriver: chrome on WINDOWS (ee6d07b9dfc0e304ae31ebf77aafe65a)] -> xpath: //input[@placeholder='MM / YY']]
[INFO ] 2021-09-16 16:45:10.721 [main] TestBase - explicit wait for sendKeys is using : [[ChromeDriver: chrome on WINDOWS (ee6d07b9dfc0e304ae31ebf77aafe65a)] -> xpath: //div[@class='input-group col-xs-5']/input]
[INFO ] 2021-09-16 16:45:11.082 [main] TestBase - pause execution for 2 : 
[INFO ] 2021-09-16 16:45:13.114 [main] TestBase - explicit wait for clicking is using : [[ChromeDriver: chrome on WINDOWS (ee6d07b9dfc0e304ae31ebf77aafe65a)] -> xpath: //a[@class='button-main-content']]
[INFO ] 2021-09-16 16:45:13.304 [main] TestBase - pause execution for 1 : 
[INFO ] 2021-09-16 16:45:14.351 [main] TestBase - pause execution for 1 : 
[INFO ] 2021-09-16 16:45:15.697 [main] TestBase - pause execution for 1 : 
[INFO ] 2021-09-16 16:45:16.701 [main] BankPaymentScreenPopUp - Invalid OTP is taking from Properties FIle : 
[INFO ] 2021-09-16 16:45:16.725 [main] TestBase - explicit wait for sendKeys is using : [[ChromeDriver: chrome on WINDOWS (ee6d07b9dfc0e304ae31ebf77aafe65a)] -> xpath: //input[@id='PaRes']]
[INFO ] 2021-09-16 16:45:16.962 [main] TestBase - pause execution for 2 : 
[INFO ] 2021-09-16 16:45:18.991 [main] TestBase - explicit wait for clicking is using : [[ChromeDriver: chrome on WINDOWS (ee6d07b9dfc0e304ae31ebf77aafe65a)] -> xpath: //button[@class='btn btn-sm btn-success']]
[INFO ] 2021-09-16 16:45:20.021 [main] TestBase - pause execution for 1 : 
[INFO ] 2021-09-16 16:45:21.063 [main] TestBase - pause execution for 1 : 
[INFO ] 2021-09-16 16:45:22.093 [main] TestBase - explicit wait for verifying element is using : [[ChromeDriver: chrome on WINDOWS (ee6d07b9dfc0e304ae31ebf77aafe65a)] -> xpath: //div[@class='text-failed text-bold']/span]
[INFO ] 2021-09-16 16:45:22.203 [main] OrderFailedScreenPopUp - User is redirected to the order failed screen after clicking on OK button with Invalid OTP (1234321) : 
[INFO ] 2021-09-16 16:45:22.203 [main] TestBase - pause execution for 5 : 
[INFO ] 2021-09-16 16:45:27.211 [main] TestNGListener - verifyClickingOnOKButtonWithInvalidOTPUserRedirectedToTheOrderFailedScreenPopUp
[INFO ] 2021-09-16 16:45:27.211 [main] TestNGListener - verifyClickingOnCancelButtonUserShouldRedirectedToTheOrderFailedScreenPopUp
[INFO ] 2021-09-16 16:45:27.230 [main] TestBase - explicit wait for clicking is using : [[ChromeDriver: chrome on WINDOWS (ee6d07b9dfc0e304ae31ebf77aafe65a)] -> xpath: //a[@class='button-main-content']]
[INFO ] 2021-09-16 16:45:27.511 [main] TestBase - pause execution for 2 : 
[INFO ] 2021-09-16 16:45:29.547 [main] TestBase - explicit wait for clicking is using : [[ChromeDriver: chrome on WINDOWS (ee6d07b9dfc0e304ae31ebf77aafe65a)] -> xpath: //div[@class='list-content']//div[contains(.,'Credit/Debit Card')]]
[INFO ] 2021-09-16 16:45:29.823 [main] CreditDebitCardDetailsScreenPopUp - Card details is taking from Properties File : 
[INFO ] 2021-09-16 16:45:29.853 [main] TestBase - explicit wait for sendKeys is using : [[ChromeDriver: chrome on WINDOWS (ee6d07b9dfc0e304ae31ebf77aafe65a)] -> xpath: //input[@name='cardnumber']]
[INFO ] 2021-09-16 16:45:30.312 [main] TestBase - explicit wait for sendKeys is using : [[ChromeDriver: chrome on WINDOWS (ee6d07b9dfc0e304ae31ebf77aafe65a)] -> xpath: //input[@placeholder='MM / YY']]
[INFO ] 2021-09-16 16:45:30.602 [main] TestBase - explicit wait for sendKeys is using : [[ChromeDriver: chrome on WINDOWS (ee6d07b9dfc0e304ae31ebf77aafe65a)] -> xpath: //div[@class='input-group col-xs-5']/input]
[INFO ] 2021-09-16 16:45:30.871 [main] TestBase - pause execution for 2 : 
[INFO ] 2021-09-16 16:45:32.893 [main] TestBase - explicit wait for clicking is using : [[ChromeDriver: chrome on WINDOWS (ee6d07b9dfc0e304ae31ebf77aafe65a)] -> xpath: //a[@class='button-main-content']]
[INFO ] 2021-09-16 16:45:33.083 [main] TestBase - pause execution for 1 : 
[INFO ] 2021-09-16 16:45:34.132 [main] TestBase - pause execution for 1 : 
[INFO ] 2021-09-16 16:45:35.564 [main] TestBase - pause execution for 1 : 
[INFO ] 2021-09-16 16:45:36.572 [main] BankPaymentScreenPopUp - Invalid OTP is taking from Properties FIle : 
[INFO ] 2021-09-16 16:45:36.603 [main] TestBase - explicit wait for sendKeys is using : [[ChromeDriver: chrome on WINDOWS (ee6d07b9dfc0e304ae31ebf77aafe65a)] -> xpath: //input[@id='PaRes']]
[INFO ] 2021-09-16 16:45:36.827 [main] TestBase - pause execution for 2 : 
[INFO ] 2021-09-16 16:45:38.864 [main] TestBase - explicit wait for clicking is using : [[ChromeDriver: chrome on WINDOWS (ee6d07b9dfc0e304ae31ebf77aafe65a)] -> xpath: //button[@name='cancel']]
[INFO ] 2021-09-16 16:45:39.943 [main] TestBase - pause execution for 1 : 
[INFO ] 2021-09-16 16:45:40.988 [main] TestBase - pause execution for 1 : 
[INFO ] 2021-09-16 16:45:42.003 [main] TestBase - explicit wait for verifying element is using : [[ChromeDriver: chrome on WINDOWS (ee6d07b9dfc0e304ae31ebf77aafe65a)] -> xpath: //div[@class='text-failed text-bold']/span]
[INFO ] 2021-09-16 16:45:42.102 [main] OrderFailedScreenPopUp - User is redirected to the order failed screen after clicking on OK button with Invalid OTP (1234321) : 
[INFO ] 2021-09-16 16:45:42.102 [main] TestBase - pause execution for 2 : 
[INFO ] 2021-09-16 16:45:44.122 [main] TestNGListener - verifyClickingOnCancelButtonUserShouldRedirectedToTheOrderFailedScreenPopUp
[INFO ] 2021-09-16 16:45:45.080 [main] TestNGListener - Chrome Browser Testing
[INFO ] 2021-09-16 16:45:45.084 [main] TestNGListener - Firefox Browser Testing
[INFO ] 2021-09-16 16:45:45.092 [main] TestBase - initializing browser set for Test Execution : 
[INFO ] 2021-09-16 16:45:45.092 [main] TestBase - browser Name is taking from properties file : 
[INFO ] 2021-09-16 16:45:45.092 [main] TestBase - opening firefox browser : 
[INFO ] 2021-09-16 16:45:45.092 [main] TestBase - firefox browser property set : 
[INFO ] 2021-09-16 16:45:53.645 [main] TestBase - maximizing the browser window : 
[INFO ] 2021-09-16 16:45:53.653 [main] TestBase - defining implicitlyWait and PageLoad Wait : 
[INFO ] 2021-09-16 16:45:53.696 [main] TestNGListener - enterURL
[INFO ] 2021-09-16 16:45:53.696 [main] BaseClass - url is taking from properties file : 
[INFO ] 2021-09-16 16:45:55.792 [main] TestNGListener - enterURL
[INFO ] 2021-09-16 16:45:55.794 [main] TestNGListener - VerifyClickingOnBuyNowButtonUserRedirectToTheCheckoutPopUp
[INFO ] 2021-09-16 16:45:55.831 [main] TestBase - explicit wait for verifying element is using : [[FirefoxDriver: firefox on WINDOWS (b33cd7de-2ad2-49d8-98ff-383f4e8cb25c)] -> xpath: //a[@class='btn buy']]
[INFO ] 2021-09-16 16:45:55.981 [main] MidTransHomePage - Buy Now Button is Available on Midtrans Home Page : 
[INFO ] 2021-09-16 16:45:56.001 [main] TestBase - explicit wait for clicking is using : [[FirefoxDriver: firefox on WINDOWS (b33cd7de-2ad2-49d8-98ff-383f4e8cb25c)] -> xpath: //a[@class='btn buy']]
[INFO ] 2021-09-16 16:45:56.618 [main] TestBase - explicit wait for verifying element is using : [[FirefoxDriver: firefox on WINDOWS (b33cd7de-2ad2-49d8-98ff-383f4e8cb25c)] -> xpath: //div[@class='cart-head']/span[contains(.,'Shopping Cart')]]
[INFO ] 2021-09-16 16:45:56.754 [main] ShoppingCartPopUp - After clicking on Buy Now button user is redirected to the Checkout popup : 
[INFO ] 2021-09-16 16:45:56.754 [main] TestNGListener - VerifyClickingOnBuyNowButtonUserRedirectToTheCheckoutPopUp
[INFO ] 2021-09-16 16:45:56.754 [main] TestNGListener - VerifyMidtransPillowAddedInToCart
[INFO ] 2021-09-16 16:45:56.761 [main] ShoppingCartPopUp - Product Name & Product Cost is taking from Properties File : 
[INFO ] 2021-09-16 16:45:56.833 [main] ShoppingCartPopUp - Midtrans Pillow has added into cart with cost of 20000/- : 
[INFO ] 2021-09-16 16:45:56.841 [main] TestNGListener - VerifyMidtransPillowAddedInToCart
[INFO ] 2021-09-16 16:45:56.841 [main] TestNGListener - verifyName_Email_Phone_City_Address_PostalCodeOnCheckoutPage
[INFO ] 2021-09-16 16:45:56.899 [main] ShoppingCartPopUp - Name Label is Present on Check Out PopUp : 
[INFO ] 2021-09-16 16:45:56.952 [main] ShoppingCartPopUp - Email Label is Present on Check Out PopUp : 
[INFO ] 2021-09-16 16:45:57.010 [main] ShoppingCartPopUp - PhoneNo Label is Present on Check Out PopUp : 
[INFO ] 2021-09-16 16:45:57.070 [main] ShoppingCartPopUp - City Label is Present on Check Out PopUp : 
[INFO ] 2021-09-16 16:45:57.122 [main] ShoppingCartPopUp - Address Label is Present on Check Out PopUp : 
[INFO ] 2021-09-16 16:45:57.170 [main] ShoppingCartPopUp - PostalCode Label is Present on Check Out PopUp : 
[INFO ] 2021-09-16 16:45:57.178 [main] TestNGListener - verifyName_Email_Phone_City_Address_PostalCodeOnCheckoutPage
[INFO ] 2021-09-16 16:45:57.181 [main] TestNGListener - verifyName_Email_Phone_City_Address_PostalCodeFieldsAreEditableAndUserCanEnterDetails
[INFO ] 2021-09-16 16:45:57.183 [main] ShoppingCartPopUp - Name is taking from Properties File : 
[INFO ] 2021-09-16 16:45:57.190 [main] TestBase - explicit wait for sendKeys is using : [[FirefoxDriver: firefox on WINDOWS (b33cd7de-2ad2-49d8-98ff-383f4e8cb25c)] -> xpath: ((//table[@class='table'])[2]//td[@class='input']//input[@type='text'])[1]]
[INFO ] 2021-09-16 16:45:57.522 [main] ShoppingCartPopUp - Name field is editable and user can enter Name in it : 
[INFO ] 2021-09-16 16:45:57.522 [main] ShoppingCartPopUp - Email is taking from Properties File : 
[INFO ] 2021-09-16 16:45:57.563 [main] TestBase - explicit wait for sendKeys is using : [[FirefoxDriver: firefox on WINDOWS (b33cd7de-2ad2-49d8-98ff-383f4e8cb25c)] -> xpath: (//table[@class='table'])[2]//td[@class='input']//input[@type='email']]
[INFO ] 2021-09-16 16:45:57.902 [main] ShoppingCartPopUp - Email field is editable and user can enter Email in it : 
[INFO ] 2021-09-16 16:45:57.902 [main] ShoppingCartPopUp - Phone Number is taking from Properties File : 
[INFO ] 2021-09-16 16:45:57.914 [main] TestBase - explicit wait for sendKeys is using : [[FirefoxDriver: firefox on WINDOWS (b33cd7de-2ad2-49d8-98ff-383f4e8cb25c)] -> xpath: ((//table[@class='table'])[2]//td[@class='input']//input[@type='text'])[2]]
[INFO ] 2021-09-16 16:45:58.161 [main] ShoppingCartPopUp - PhoneNo field is editable and user can enter PhoneNo in it : 
[INFO ] 2021-09-16 16:45:58.161 [main] ShoppingCartPopUp - City is taking from Properties File : 
[INFO ] 2021-09-16 16:45:58.174 [main] TestBase - explicit wait for sendKeys is using : [[FirefoxDriver: firefox on WINDOWS (b33cd7de-2ad2-49d8-98ff-383f4e8cb25c)] -> xpath: ((//table[@class='table'])[2]//td[@class='input']//input[@type='text'])[3]]
[INFO ] 2021-09-16 16:45:58.393 [main] ShoppingCartPopUp - City field is editable and user can enter City in it : 
[INFO ] 2021-09-16 16:45:58.393 [main] ShoppingCartPopUp - Address is taking from Properties File : 
[INFO ] 2021-09-16 16:45:58.400 [main] TestBase - explicit wait for sendKeys is using : [[FirefoxDriver: firefox on WINDOWS (b33cd7de-2ad2-49d8-98ff-383f4e8cb25c)] -> xpath: (//table[@class='table'])[2]//td[@class='input']//textarea]
[INFO ] 2021-09-16 16:45:58.753 [main] ShoppingCartPopUp - Address field is editable and user can enter Address in it : 
[INFO ] 2021-09-16 16:45:58.753 [main] ShoppingCartPopUp - Postal Code is taking from Properties File : 
[INFO ] 2021-09-16 16:45:58.760 [main] TestBase - explicit wait for sendKeys is using : [[FirefoxDriver: firefox on WINDOWS (b33cd7de-2ad2-49d8-98ff-383f4e8cb25c)] -> xpath: ((//table[@class='table'])[2]//td[@class='input']//input[@type='text'])[4]]
[INFO ] 2021-09-16 16:45:58.953 [main] ShoppingCartPopUp - PostalCode field is editable and user can enter PostalCode in it : 
[INFO ] 2021-09-16 16:45:58.953 [main] TestNGListener - verifyName_Email_Phone_City_Address_PostalCodeFieldsAreEditableAndUserCanEnterDetails
[INFO ] 2021-09-16 16:45:58.953 [main] TestNGListener - verifyClickingOnCheckoutButtonUserIsRedirectedOnOrderSummaryPopUp
[INFO ] 2021-09-16 16:45:58.962 [main] TestBase - explicit wait for clicking is using : [[FirefoxDriver: firefox on WINDOWS (b33cd7de-2ad2-49d8-98ff-383f4e8cb25c)] -> xpath: //div[@class='cart-checkout']]
[INFO ] 2021-09-16 16:45:59.373 [main] TestBase - pause execution for 1 : 
[INFO ] 2021-09-16 16:46:00.403 [main] TestBase - pause execution for 1 : 
[INFO ] 2021-09-16 16:46:01.441 [main] TestBase - explicit wait for verifying element is using : [[FirefoxDriver: firefox on WINDOWS (b33cd7de-2ad2-49d8-98ff-383f4e8cb25c)] -> xpath: //div[@class='header-content']/span[contains(.,'Order Summary')]]
[INFO ] 2021-09-16 16:46:01.563 [main] OrderSummaryScreenPopUp - User is redirected on Order Summary popup after clicked on Checkout button : 
[INFO ] 2021-09-16 16:46:01.563 [main] TestNGListener - verifyClickingOnCheckoutButtonUserIsRedirectedOnOrderSummaryPopUp
[INFO ] 2021-09-16 16:46:01.563 [main] TestNGListener - verifyProductDetailsOnOrderSummeryPopUpPriceAndProductName
[INFO ] 2021-09-16 16:46:01.563 [main] OrderSummaryScreenPopUp - Product Name & Product Cost is taking from Properties File : 
[INFO ] 2021-09-16 16:46:01.584 [main] OrderSummaryScreenPopUp - Valid Product Name is displayed on Order Summary PopUp : 
[INFO ] 2021-09-16 16:46:01.613 [main] OrderSummaryScreenPopUp - Valid Product Price is displayed on Order Summary PopUp : 
[INFO ] 2021-09-16 16:46:01.613 [main] TestNGListener - verifyProductDetailsOnOrderSummeryPopUpPriceAndProductName
[INFO ] 2021-09-16 16:46:01.613 [main] TestNGListener - verifyClickingOnContinueButtonOnOrderSummeryUserIsRedirectToTheSelectPaymentPopUp
[INFO ] 2021-09-16 16:46:01.621 [main] TestBase - explicit wait for clicking is using : [[FirefoxDriver: firefox on WINDOWS (b33cd7de-2ad2-49d8-98ff-383f4e8cb25c)] -> xpath: //a[@class='button-main-content']]
[INFO ] 2021-09-16 16:46:01.892 [main] TestBase - explicit wait for verifying element is using : [[FirefoxDriver: firefox on WINDOWS (b33cd7de-2ad2-49d8-98ff-383f4e8cb25c)] -> xpath: //p[contains(.,'Select Payment')]]
[INFO ] 2021-09-16 16:46:02.021 [main] SelectPaymentPopUp1 - User redirected to the Select payment Page after clicking on continue button on order summery : 
[INFO ] 2021-09-16 16:46:02.021 [main] TestNGListener - verifyClickingOnContinueButtonOnOrderSummeryUserIsRedirectToTheSelectPaymentPopUp
[INFO ] 2021-09-16 16:46:02.021 [main] TestNGListener - verifyPaymentOptionsListedOnPaymentPopUp
[INFO ] 2021-09-16 16:46:02.101 [main] SelectPaymentPopUp1 - Credit/Debit Card payment option is available in payment mode Options : 
[INFO ] 2021-09-16 16:46:02.169 [main] SelectPaymentPopUp1 - ATM/Bank Transfer payment option is available in payment mode Options : 
[INFO ] 2021-09-16 16:46:02.233 [main] SelectPaymentPopUp1 - GoPay/other e-Wallets payment option is available in payment mode Options : 
[INFO ] 2021-09-16 16:46:02.281 [main] SelectPaymentPopUp1 - ShopeePay/other e-Wallets payment option is available in payment mode Options : 
[INFO ] 2021-09-16 16:46:02.333 [main] SelectPaymentPopUp1 - KlikBCA payment option is available in payment mode Options : 
[INFO ] 2021-09-16 16:46:02.381 [main] SelectPaymentPopUp1 - BCA KlikPay payment option is available in payment mode Options : 
[INFO ] 2021-09-16 16:46:02.422 [main] SelectPaymentPopUp1 - OCTO Clicks payment option is available in payment mode Options : 
[INFO ] 2021-09-16 16:46:02.471 [main] SelectPaymentPopUp1 - Danamon Online Banking payment option is available in payment mode Options : 
[INFO ] 2021-09-16 16:46:02.534 [main] SelectPaymentPopUp1 - e-Pay BRI payment option is available in payment mode Options : 
[INFO ] 2021-09-16 16:46:02.583 [main] SelectPaymentPopUp1 - LINE Pay e-cash | mandiri e-cash payment option is available in payment mode Options : 
[INFO ] 2021-09-16 16:46:02.632 [main] SelectPaymentPopUp1 - Telkomsel Cash payment option is available in payment mode Options : 
[INFO ] 2021-09-16 16:46:02.702 [main] SelectPaymentPopUp1 - Indomaret payment option is available in payment mode Options : 
[INFO ] 2021-09-16 16:46:02.751 [main] SelectPaymentPopUp1 - Alfa Group payment option is available in payment mode Options : 
[INFO ] 2021-09-16 16:46:02.813 [main] SelectPaymentPopUp1 - Akulaku payment option is available in payment mode Options : 
[INFO ] 2021-09-16 16:46:02.813 [main] TestNGListener - verifyPaymentOptionsListedOnPaymentPopUp
[INFO ] 2021-09-16 16:46:02.813 [main] TestNGListener - verifyClickingOnCreditDebitCardPaymentMethodUserIsRedirectedToTheCardDetailsPopUp
[INFO ] 2021-09-16 16:46:02.833 [main] TestBase - explicit wait for clicking is using : [[FirefoxDriver: firefox on WINDOWS (b33cd7de-2ad2-49d8-98ff-383f4e8cb25c)] -> xpath: //div[@class='list-content']//div[contains(.,'Credit/Debit Card')]]
[INFO ] 2021-09-16 16:46:03.155 [main] TestBase - explicit wait for verifying element is using : [[FirefoxDriver: firefox on WINDOWS (b33cd7de-2ad2-49d8-98ff-383f4e8cb25c)] -> xpath: //p[@class='text-page-title-content' and contains(.,'Credit/Debit Card')]]
[INFO ] 2021-09-16 16:46:03.291 [main] CreditDebitCardDetailsScreenPopUp - User redirected to card details screen after clicking on Credit/Debit Card payment method : 
[INFO ] 2021-09-16 16:46:03.293 [main] TestNGListener - verifyClickingOnCreditDebitCardPaymentMethodUserIsRedirectedToTheCardDetailsPopUp
[INFO ] 2021-09-16 16:46:03.293 [main] TestNGListener - verifyOrderAmountOnCardDetailsPopUpAndApplyCouponCodeAndValidateChangesInAmount
[INFO ] 2021-09-16 16:46:03.293 [main] CreditDebitCardDetailsScreenPopUp - Details is taking From Properties File : 
[INFO ] 2021-09-16 16:46:03.713 [main] CreditDebitCardDetailsScreenPopUp - Before apply promo coupon Amount on card details screen is same as order Amount : 
[INFO ] 2021-09-16 16:46:03.994 [main] CreditDebitCardDetailsScreenPopUp - After apply promo coupon Amount on card details screen is reflected by 2000 : 
[INFO ] 2021-09-16 16:46:03.994 [main] TestNGListener - verifyOrderAmountOnCardDetailsPopUpAndApplyCouponCodeAndValidateChangesInAmount
[INFO ] 2021-09-16 16:46:03.994 [main] TestNGListener - enterValidCardDetails
[INFO ] 2021-09-16 16:46:03.994 [main] CreditDebitCardDetailsScreenPopUp - Card details is taking from Properties File : 
[INFO ] 2021-09-16 16:46:04.003 [main] TestBase - explicit wait for sendKeys is using : [[FirefoxDriver: firefox on WINDOWS (b33cd7de-2ad2-49d8-98ff-383f4e8cb25c)] -> xpath: //input[@name='cardnumber']]
[INFO ] 2021-09-16 16:46:04.261 [main] TestBase - explicit wait for sendKeys is using : [[FirefoxDriver: firefox on WINDOWS (b33cd7de-2ad2-49d8-98ff-383f4e8cb25c)] -> xpath: //input[@placeholder='MM / YY']]
[INFO ] 2021-09-16 16:46:04.423 [main] TestBase - explicit wait for sendKeys is using : [[FirefoxDriver: firefox on WINDOWS (b33cd7de-2ad2-49d8-98ff-383f4e8cb25c)] -> xpath: //div[@class='input-group col-xs-5']/input]
[INFO ] 2021-09-16 16:46:04.613 [main] TestNGListener - enterValidCardDetails
[INFO ] 2021-09-16 16:46:04.613 [main] TestNGListener - verifyClickingOnPayNowButtonUserIsRedirectedToTheBankPaymentScreenPopUpAndVerifyExistingDetails
[INFO ] 2021-09-16 16:46:04.629 [main] TestBase - explicit wait for clicking is using : [[FirefoxDriver: firefox on WINDOWS (b33cd7de-2ad2-49d8-98ff-383f4e8cb25c)] -> xpath: //a[@class='button-main-content']]
[INFO ] 2021-09-16 16:46:05.200 [main] TestBase - pause execution for 1 : 
[INFO ] 2021-09-16 16:46:06.253 [main] TestBase - pause execution for 1 : 
[INFO ] 2021-09-16 16:46:07.279 [main] TestBase - pause execution for 2 : 
[INFO ] 2021-09-16 16:46:09.293 [main] TestBase - explicit wait for verifying element is using : [[FirefoxDriver: firefox on WINDOWS (b33cd7de-2ad2-49d8-98ff-383f4e8cb25c)] -> xpath: //h1[contains(.,'Issuing Bank')]]
[INFO ] 2021-09-16 16:46:09.381 [main] BankPaymentScreenPopUp - User is redirected to the Bank Payment Screen PopUp after clicking on Payment Now Button : 
[INFO ] 2021-09-16 16:46:09.464 [main] BankPaymentScreenPopUp - Details is taking from Properties File : 
[INFO ] 2021-09-16 16:46:09.464 [main] BankPaymentScreenPopUp - Merchant name is correct on Bank Payment Screen PopUp : 
[INFO ] 2021-09-16 16:46:09.464 [main] BankPaymentScreenPopUp - Amount is correct on Bank Payment Screen PopUp : 
[INFO ] 2021-09-16 16:46:09.464 [main] BankPaymentScreenPopUp - Last four digit of card is correct on Bank Payment Screen PopUp : 
[INFO ] 2021-09-16 16:46:09.464 [main] BankPaymentScreenPopUp - Valid OTP is taking from Properties File : 
[INFO ] 2021-09-16 16:46:09.473 [main] TestBase - explicit wait for sendKeys is using : [[FirefoxDriver: firefox on WINDOWS (b33cd7de-2ad2-49d8-98ff-383f4e8cb25c)] -> xpath: //input[@id='PaRes']]
[INFO ] 2021-09-16 16:46:09.603 [main] TestNGListener - verifyClickingOnPayNowButtonUserIsRedirectedToTheBankPaymentScreenPopUpAndVerifyExistingDetails
[INFO ] 2021-09-16 16:46:09.603 [main] TestNGListener - verifyClickingOnOKButtonWithValidOTPUserRedirectedToTheOrderSuccessfulScreenPopUp
[INFO ] 2021-09-16 16:46:09.619 [main] TestBase - explicit wait for clicking is using : [[FirefoxDriver: firefox on WINDOWS (b33cd7de-2ad2-49d8-98ff-383f4e8cb25c)] -> xpath: //button[@class='btn btn-sm btn-success']]
[INFO ] 2021-09-16 16:46:10.628 [main] TestBase - pause execution for 1 : 
[INFO ] 2021-09-16 16:46:11.661 [main] TestBase - pause execution for 1 : 
[INFO ] 2021-09-16 16:46:12.731 [main] OrderSuccessfulScreenPopUp - User is redirected to the order successful screen after clicking on OK button with Valid OTP (112233) : 
[INFO ] 2021-09-16 16:46:12.731 [main] TestBase - pause execution for 5 : 
[INFO ] 2021-09-16 16:46:17.732 [main] TestNGListener - verifyClickingOnOKButtonWithValidOTPUserRedirectedToTheOrderSuccessfulScreenPopUp
[INFO ] 2021-09-16 16:46:17.734 [main] TestNGListener - verifyUserSuccessfullyOrderedProduct
[INFO ] 2021-09-16 16:46:17.738 [main] TestBase - pause execution for 1 : 
[INFO ] 2021-09-16 16:46:18.750 [main] TestBase - pause execution for 1 : 
[INFO ] 2021-09-16 16:46:19.794 [main] MidTransHomePage - Transaction Success Status is Displayed : 
[INFO ] 2021-09-16 16:46:19.794 [main] MidTransHomePage - Transaction Success Status is taking from Properties File : 
[INFO ] 2021-09-16 16:46:19.822 [main] MidTransHomePage - Transaction Success Status is as Expected : 
[INFO ] 2021-09-16 16:46:19.823 [main] TestBase - pause execution for 5 : 
[INFO ] 2021-09-16 16:46:24.841 [main] TestNGListener - verifyUserSuccessfullyOrderedProduct
[INFO ] 2021-09-16 16:46:24.841 [main] TestNGListener - verifyClickingOnOKButtonWithInvalidOTPUserRedirectedToTheOrderFailedScreenPopUp
[INFO ] 2021-09-16 16:46:24.853 [main] TestBase - explicit wait for verifying element is using : [[FirefoxDriver: firefox on WINDOWS (b33cd7de-2ad2-49d8-98ff-383f4e8cb25c)] -> xpath: //a[@class='btn buy']]
[INFO ] 2021-09-16 16:46:24.971 [main] MidTransHomePage - Buy Now Button is Available on Midtrans Home Page : 
[INFO ] 2021-09-16 16:46:24.971 [main] TestBase - pause execution for 2 : 
[INFO ] 2021-09-16 16:46:26.993 [main] TestBase - explicit wait for clicking is using : [[FirefoxDriver: firefox on WINDOWS (b33cd7de-2ad2-49d8-98ff-383f4e8cb25c)] -> xpath: //a[@class='btn buy']]
[INFO ] 2021-09-16 16:46:27.331 [main] ShoppingCartPopUp - Name is taking from Properties File : 
[INFO ] 2021-09-16 16:46:27.354 [main] TestBase - explicit wait for sendKeys is using : [[FirefoxDriver: firefox on WINDOWS (b33cd7de-2ad2-49d8-98ff-383f4e8cb25c)] -> xpath: ((//table[@class='table'])[2]//td[@class='input']//input[@type='text'])[1]]
[INFO ] 2021-09-16 16:46:27.654 [main] ShoppingCartPopUp - Name field is editable and user can enter Name in it : 
[INFO ] 2021-09-16 16:46:27.654 [main] ShoppingCartPopUp - Email is taking from Properties File : 
[INFO ] 2021-09-16 16:46:27.671 [main] TestBase - explicit wait for sendKeys is using : [[FirefoxDriver: firefox on WINDOWS (b33cd7de-2ad2-49d8-98ff-383f4e8cb25c)] -> xpath: (//table[@class='table'])[2]//td[@class='input']//input[@type='email']]
[INFO ] 2021-09-16 16:46:27.961 [main] ShoppingCartPopUp - Email field is editable and user can enter Email in it : 
[INFO ] 2021-09-16 16:46:27.963 [main] ShoppingCartPopUp - Phone Number is taking from Properties File : 
[INFO ] 2021-09-16 16:46:27.971 [main] TestBase - explicit wait for sendKeys is using : [[FirefoxDriver: firefox on WINDOWS (b33cd7de-2ad2-49d8-98ff-383f4e8cb25c)] -> xpath: ((//table[@class='table'])[2]//td[@class='input']//input[@type='text'])[2]]
[INFO ] 2021-09-16 16:46:28.193 [main] ShoppingCartPopUp - PhoneNo field is editable and user can enter PhoneNo in it : 
[INFO ] 2021-09-16 16:46:28.193 [main] ShoppingCartPopUp - City is taking from Properties File : 
[INFO ] 2021-09-16 16:46:28.213 [main] TestBase - explicit wait for sendKeys is using : [[FirefoxDriver: firefox on WINDOWS (b33cd7de-2ad2-49d8-98ff-383f4e8cb25c)] -> xpath: ((//table[@class='table'])[2]//td[@class='input']//input[@type='text'])[3]]
[INFO ] 2021-09-16 16:46:28.451 [main] ShoppingCartPopUp - City field is editable and user can enter City in it : 
[INFO ] 2021-09-16 16:46:28.451 [main] ShoppingCartPopUp - Address is taking from Properties File : 
[INFO ] 2021-09-16 16:46:28.463 [main] TestBase - explicit wait for sendKeys is using : [[FirefoxDriver: firefox on WINDOWS (b33cd7de-2ad2-49d8-98ff-383f4e8cb25c)] -> xpath: (//table[@class='table'])[2]//td[@class='input']//textarea]
[INFO ] 2021-09-16 16:46:28.703 [main] ShoppingCartPopUp - Address field is editable and user can enter Address in it : 
[INFO ] 2021-09-16 16:46:28.703 [main] ShoppingCartPopUp - Postal Code is taking from Properties File : 
[INFO ] 2021-09-16 16:46:28.711 [main] TestBase - explicit wait for sendKeys is using : [[FirefoxDriver: firefox on WINDOWS (b33cd7de-2ad2-49d8-98ff-383f4e8cb25c)] -> xpath: ((//table[@class='table'])[2]//td[@class='input']//input[@type='text'])[4]]
[INFO ] 2021-09-16 16:46:28.901 [main] ShoppingCartPopUp - PostalCode field is editable and user can enter PostalCode in it : 
[INFO ] 2021-09-16 16:46:28.901 [main] TestBase - pause execution for 2 : 
[INFO ] 2021-09-16 16:46:30.938 [main] TestBase - explicit wait for clicking is using : [[FirefoxDriver: firefox on WINDOWS (b33cd7de-2ad2-49d8-98ff-383f4e8cb25c)] -> xpath: //div[@class='cart-checkout']]
[INFO ] 2021-09-16 16:46:31.304 [main] TestBase - pause execution for 1 : 
[INFO ] 2021-09-16 16:46:32.331 [main] TestBase - pause execution for 2 : 
[INFO ] 2021-09-16 16:46:34.353 [main] TestBase - explicit wait for clicking is using : [[FirefoxDriver: firefox on WINDOWS (b33cd7de-2ad2-49d8-98ff-383f4e8cb25c)] -> xpath: //a[@class='button-main-content']]
[INFO ] 2021-09-16 16:46:34.491 [main] TestBase - pause execution for 2 : 
[INFO ] 2021-09-16 16:46:36.501 [main] TestBase - explicit wait for clicking is using : [[FirefoxDriver: firefox on WINDOWS (b33cd7de-2ad2-49d8-98ff-383f4e8cb25c)] -> xpath: //div[@class='list-content']//div[contains(.,'Credit/Debit Card')]]
[INFO ] 2021-09-16 16:46:36.631 [main] CreditDebitCardDetailsScreenPopUp - Card details is taking from Properties File : 
[INFO ] 2021-09-16 16:46:36.750 [main] TestBase - explicit wait for sendKeys is using : [[FirefoxDriver: firefox on WINDOWS (b33cd7de-2ad2-49d8-98ff-383f4e8cb25c)] -> xpath: //input[@name='cardnumber']]
[INFO ] 2021-09-16 16:46:37.120 [main] TestBase - explicit wait for sendKeys is using : [[FirefoxDriver: firefox on WINDOWS (b33cd7de-2ad2-49d8-98ff-383f4e8cb25c)] -> xpath: //input[@placeholder='MM / YY']]
[INFO ] 2021-09-16 16:46:37.331 [main] TestBase - explicit wait for sendKeys is using : [[FirefoxDriver: firefox on WINDOWS (b33cd7de-2ad2-49d8-98ff-383f4e8cb25c)] -> xpath: //div[@class='input-group col-xs-5']/input]
[INFO ] 2021-09-16 16:46:37.562 [main] TestBase - pause execution for 2 : 
[INFO ] 2021-09-16 16:46:39.603 [main] TestBase - explicit wait for clicking is using : [[FirefoxDriver: firefox on WINDOWS (b33cd7de-2ad2-49d8-98ff-383f4e8cb25c)] -> xpath: //a[@class='button-main-content']]
[INFO ] 2021-09-16 16:46:39.971 [main] TestBase - pause execution for 1 : 
[INFO ] 2021-09-16 16:46:41.018 [main] TestBase - pause execution for 1 : 
[INFO ] 2021-09-16 16:46:42.041 [main] TestBase - pause execution for 1 : 
[INFO ] 2021-09-16 16:46:43.042 [main] BankPaymentScreenPopUp - Invalid OTP is taking from Properties FIle : 
[INFO ] 2021-09-16 16:46:43.053 [main] TestBase - explicit wait for sendKeys is using : [[FirefoxDriver: firefox on WINDOWS (b33cd7de-2ad2-49d8-98ff-383f4e8cb25c)] -> xpath: //input[@id='PaRes']]
[INFO ] 2021-09-16 16:46:43.168 [main] TestBase - pause execution for 2 : 
[INFO ] 2021-09-16 16:46:45.182 [main] TestBase - explicit wait for clicking is using : [[FirefoxDriver: firefox on WINDOWS (b33cd7de-2ad2-49d8-98ff-383f4e8cb25c)] -> xpath: //button[@class='btn btn-sm btn-success']]
[INFO ] 2021-09-16 16:46:46.052 [main] TestBase - pause execution for 1 : 
[INFO ] 2021-09-16 16:46:47.103 [main] TestBase - pause execution for 1 : 
[INFO ] 2021-09-16 16:46:48.172 [main] TestBase - explicit wait for verifying element is using : [[FirefoxDriver: firefox on WINDOWS (b33cd7de-2ad2-49d8-98ff-383f4e8cb25c)] -> xpath: //div[@class='text-failed text-bold']/span]
[INFO ] 2021-09-16 16:46:48.310 [main] OrderFailedScreenPopUp - User is redirected to the order failed screen after clicking on OK button with Invalid OTP (1234321) : 
[INFO ] 2021-09-16 16:46:48.310 [main] TestBase - pause execution for 5 : 
[INFO ] 2021-09-16 16:46:53.310 [main] TestNGListener - verifyClickingOnOKButtonWithInvalidOTPUserRedirectedToTheOrderFailedScreenPopUp
[INFO ] 2021-09-16 16:46:53.312 [main] TestNGListener - verifyClickingOnCancelButtonUserShouldRedirectedToTheOrderFailedScreenPopUp
[INFO ] 2021-09-16 16:46:53.322 [main] TestBase - explicit wait for clicking is using : [[FirefoxDriver: firefox on WINDOWS (b33cd7de-2ad2-49d8-98ff-383f4e8cb25c)] -> xpath: //a[@class='button-main-content']]
[INFO ] 2021-09-16 16:46:53.442 [main] TestBase - pause execution for 2 : 
[INFO ] 2021-09-16 16:46:55.471 [main] TestBase - explicit wait for clicking is using : [[FirefoxDriver: firefox on WINDOWS (b33cd7de-2ad2-49d8-98ff-383f4e8cb25c)] -> xpath: //div[@class='list-content']//div[contains(.,'Credit/Debit Card')]]
[INFO ] 2021-09-16 16:46:55.593 [main] CreditDebitCardDetailsScreenPopUp - Card details is taking from Properties File : 
[INFO ] 2021-09-16 16:46:55.694 [main] TestBase - explicit wait for sendKeys is using : [[FirefoxDriver: firefox on WINDOWS (b33cd7de-2ad2-49d8-98ff-383f4e8cb25c)] -> xpath: //input[@name='cardnumber']]
[INFO ] 2021-09-16 16:46:56.531 [main] TestBase - explicit wait for sendKeys is using : [[FirefoxDriver: firefox on WINDOWS (b33cd7de-2ad2-49d8-98ff-383f4e8cb25c)] -> xpath: //input[@placeholder='MM / YY']]
[INFO ] 2021-09-16 16:46:56.680 [main] TestBase - explicit wait for sendKeys is using : [[FirefoxDriver: firefox on WINDOWS (b33cd7de-2ad2-49d8-98ff-383f4e8cb25c)] -> xpath: //div[@class='input-group col-xs-5']/input]
[INFO ] 2021-09-16 16:46:56.830 [main] TestBase - pause execution for 2 : 
[INFO ] 2021-09-16 16:46:58.854 [main] TestBase - explicit wait for clicking is using : [[FirefoxDriver: firefox on WINDOWS (b33cd7de-2ad2-49d8-98ff-383f4e8cb25c)] -> xpath: //a[@class='button-main-content']]
[INFO ] 2021-09-16 16:46:59.232 [main] TestBase - pause execution for 1 : 
[INFO ] 2021-09-16 16:47:00.271 [main] TestBase - pause execution for 1 : 
[INFO ] 2021-09-16 16:47:01.310 [main] TestBase - pause execution for 1 : 
[INFO ] 2021-09-16 16:47:02.310 [main] BankPaymentScreenPopUp - Invalid OTP is taking from Properties FIle : 
[INFO ] 2021-09-16 16:47:02.322 [main] TestBase - explicit wait for sendKeys is using : [[FirefoxDriver: firefox on WINDOWS (b33cd7de-2ad2-49d8-98ff-383f4e8cb25c)] -> xpath: //input[@id='PaRes']]
[INFO ] 2021-09-16 16:47:02.463 [main] TestBase - pause execution for 2 : 
[INFO ] 2021-09-16 16:47:04.503 [main] TestBase - explicit wait for clicking is using : [[FirefoxDriver: firefox on WINDOWS (b33cd7de-2ad2-49d8-98ff-383f4e8cb25c)] -> xpath: //button[@name='cancel']]
[INFO ] 2021-09-16 16:47:05.293 [main] TestBase - pause execution for 1 : 
[INFO ] 2021-09-16 16:47:06.341 [main] TestBase - pause execution for 1 : 
[INFO ] 2021-09-16 16:47:07.363 [main] TestBase - explicit wait for verifying element is using : [[FirefoxDriver: firefox on WINDOWS (b33cd7de-2ad2-49d8-98ff-383f4e8cb25c)] -> xpath: //div[@class='text-failed text-bold']/span]
[INFO ] 2021-09-16 16:47:07.463 [main] OrderFailedScreenPopUp - User is redirected to the order failed screen after clicking on OK button with Invalid OTP (1234321) : 
[INFO ] 2021-09-16 16:47:07.463 [main] TestBase - pause execution for 2 : 
[INFO ] 2021-09-16 16:47:09.470 [main] TestNGListener - verifyClickingOnCancelButtonUserShouldRedirectedToTheOrderFailedScreenPopUp
[INFO ] 2021-09-16 16:47:11.588 [main] TestNGListener - Firefox Browser Testing
